producer_class	xtools.gsea.GseaPreranked
producer_timestamp	1680418695371
param	rpt_label	Mesen_vs_Immuno
param	rnd_seed	12345
param	set_min	15
param	zip_report	false
param	create_svgs	false
param	scoring_scheme	weighted
param	rnk	/Users/ming/Documents/BCB420/Mingzheng_Liu/Homework/MesenvsImmuno_RNASeq_ranks.rnk
param	norm	meandiv
param	out	/Users/ming/Documents/BCB420/Mingzheng_Liu/Homework
param	mode	Max_probe
param	include_only_symbols	true
param	help	false
param	set_max	200
param	gmx	/Users/ming/Documents/BCB420/Mingzheng_Liu/Homework//Human_GOBP_AllPathways_no_GO_iea_March_02_2023_symbol.gmt
param	make_sets	true
param	plot_top_x	20
param	gui	false
param	nperm	1000
param	collapse	No_Collapse

file	/Users/ming/Documents/BCB420/Mingzheng_Liu/Homework/Mesen_vs_Immuno.GseaPreranked.1680418695371/index.html
